AndroidProjects/TorrentsListVisualizer/app/build/intermediates/manifest_merge_blame_file/debug/manifest-merger-blame-debug-report.txt
1<?xml version="1.0" encoding="utf-8"?>
2<manifest xmlns:android="http://schemas.android.com/apk/res/android"
3    package="com.alex.yakushev.app.torrentslistvisualizer"
4    android:versionCode="1"
5    android:versionName="1.0" >
6
7    <uses-sdk
8        android:minSdkVersion="15"
8-->src\main\AndroidManifest.xml
9        android:targetSdkVersion="26" />
9-->src\main\AndroidManifest.xml
10
11    <uses-permission android:name="android.permission.INTERNET" />
11-->src\main\AndroidManifest.xml:5:5-67
11-->src\main\AndroidManifest.xml:5:22-64
12    <uses-permission android:name="android.permission.ACCESS_NETWORK_STATE" />
12-->src\main\AndroidManifest.xml:6:5-79
12-->src\main\AndroidManifest.xml:6:22-76
13
14    <application
14-->src\main\AndroidManifest.xml:8:5-24:19
15        android:name="com.alex.yakushev.app.torrentslistvisualizer.YtsServiceApplication"
15-->src\main\AndroidManifest.xml:14:9-46
16        android:allowBackup="true"
16-->src\main\AndroidManifest.xml:9:9-35
17        android:debuggable="true"
18        android:icon="@mipmap/ic_launcher"
18-->src\main\AndroidManifest.xml:10:9-43
19        android:label="@string/app_name"
19-->src\main\AndroidManifest.xml:11:9-41
20        android:roundIcon="@mipmap/ic_launcher_round"
20-->src\main\AndroidManifest.xml:12:9-54
21        android:supportsRtl="true"
21-->src\main\AndroidManifest.xml:13:9-35
22        android:testOnly="true"
23        android:theme="@style/AppTheme" >
23-->src\main\AndroidManifest.xml:15:9-40
24        <activity android:name="com.alex.yakushev.app.torrentslistvisualizer.MainActivity" >
24-->src\main\AndroidManifest.xml:16:9-22:20
24-->src\main\AndroidManifest.xml:16:19-47
25            <intent-filter>
25-->src\main\AndroidManifest.xml:17:13-21:29
26                <action android:name="android.intent.action.MAIN" />
26-->src\main\AndroidManifest.xml:18:17-69
26-->src\main\AndroidManifest.xml:18:25-66
27
28                <category android:name="android.intent.category.LAUNCHER" />
28-->src\main\AndroidManifest.xml:20:17-77
28-->src\main\AndroidManifest.xml:20:27-74
29            </intent-filter>
30        </activity>
31        <activity android:name="com.alex.yakushev.app.torrentslistvisualizer.DetailedActivity" />
31-->src\main\AndroidManifest.xml:23:9-63
31-->src\main\AndroidManifest.xml:23:19-51
32
33        <meta-data
33-->[com.android.support:appcompat-v7:26.1.0] AndroidManifest.xml:26:9-28:38
34            android:name="android.support.VERSION"
34-->[com.android.support:appcompat-v7:26.1.0] AndroidManifest.xml:27:13-51
35            android:value="26.1.0" />
35-->[com.android.support:appcompat-v7:26.1.0] AndroidManifest.xml:28:13-35
36        <meta-data
36-->[android.arch.lifecycle:runtime:1.0.0] AndroidManifest.xml:25:9-27:47
37            android:name="android.arch.lifecycle.VERSION"
37-->[android.arch.lifecycle:runtime:1.0.0] AndroidManifest.xml:26:13-58
38            android:value="27.0.0-SNAPSHOT" />
38-->[android.arch.lifecycle:runtime:1.0.0] AndroidManifest.xml:27:13-44
39    </application>
40
41</manifest>